<?xml version="1.0" encoding="UTF-8"?>
<!-- Generated by org.testng.reporters.JUnitReportReporter -->
<testsuite hostname="DESKTOP-D61GRS1" failures="0" tests="1" name="com.shopperstact.task.T2" time="4.458" errors="0" timestamp="2024-02-19T11:38:04 IST" skipped="0">
  <testcase classname="com.shopperstact.task.T2" name="getAllBrandsData" time="4.458"/>
  <system-out/>
</testsuite> <!-- com.shopperstact.task.T2 -->
