<?xml version="1.0" encoding="UTF-8"?>
<!-- Generated by org.testng.reporters.JUnitReportReporter -->
<testsuite hostname="DESKTOP-D61GRS1" failures="0" tests="1" name="com.shopperstact.task.T4" time="3.701" errors="0" timestamp="2024-02-19T12:26:47 IST" skipped="0">
  <testcase classname="com.shopperstact.task.T4" name="createUser" time="3.701"/>
  <system-out/>
</testsuite> <!-- com.shopperstact.task.T4 -->
