<?xml version="1.0" encoding="UTF-8"?>
<!-- Generated by org.testng.reporters.JUnitReportReporter -->
<testsuite hostname="DESKTOP-D61GRS1" failures="0" tests="1" name="com.shopperstack.shoppertask.ShopperRegisteration" time="3.252" errors="0" timestamp="2024-02-15T14:13:27 IST" skipped="0">
  <testcase classname="com.shopperstack.shoppertask.ShopperRegisteration" name="shopperdata" time="3.252"/>
  <system-out/>
</testsuite> <!-- com.shopperstack.shoppertask.ShopperRegisteration -->
