<?xml version="1.0" encoding="UTF-8"?>
<!-- Generated by org.testng.reporters.JUnitReportReporter -->
<testsuite hostname="DESKTOP-D61GRS1" failures="0" tests="5" name="com.shopperstack.shoppertask.TestShopperLogin" time="11.980" errors="0" timestamp="2024-02-15T17:50:24 IST" skipped="0">
  <testcase classname="com.shopperstack.shoppertask.TestShopperLogin" name="loginToApp" time="4.690"/>
  <system-out/>
  <testcase classname="com.shopperstack.shoppertask.TestShopperLogin" name="viewPorductDetails" time="4.974"/>
  <system-out/>
  <testcase classname="com.shopperstack.shoppertask.TestShopperLogin" name="addProductToWishList" time="0.824"/>
  <system-out/>
  <testcase classname="com.shopperstack.shoppertask.TestShopperLogin" name="viewProductInWishList" time="0.759"/>
  <system-out/>
  <testcase classname="com.shopperstack.shoppertask.TestShopperLogin" name="deleteProductFromWishList" time="0.733"/>
  <system-out/>
</testsuite> <!-- com.shopperstack.shoppertask.TestShopperLogin -->
