<?xml version="1.0" encoding="UTF-8"?>
<!-- Generated by org.testng.reporters.JUnitReportReporter -->
<testsuite hostname="DESKTOP-D61GRS1" failures="0" tests="5" name="com.shopperstack.shoppertask.TestShopperCart" time="9.668" errors="0" timestamp="2024-02-19T10:42:53 IST" skipped="0">
  <testcase classname="com.shopperstack.shoppertask.TestShopperCart" name="loginToApp" time="4.773"/>
  <system-out/>
  <testcase classname="com.shopperstack.shoppertask.TestShopperCart" name="viewPorductDetails" time="2.596"/>
  <system-out/>
  <testcase classname="com.shopperstack.shoppertask.TestShopperCart" name="addProductToCart" time="0.790"/>
  <system-out/>
  <testcase classname="com.shopperstack.shoppertask.TestShopperCart" name="updateCartDetails" time="0.775"/>
  <system-out/>
  <testcase classname="com.shopperstack.shoppertask.TestShopperCart" name="viewCartProducts" time="0.734"/>
  <system-out/>
</testsuite> <!-- com.shopperstack.shoppertask.TestShopperCart -->
